<?xml version="1.0" encoding="UTF-8"?>
<testng-results skipped="0" failed="1" ignored="0" total="2" passed="1">
  <reporter-output>
  </reporter-output>
  <suite name="Suite" duration-ms="0" started-at="2021-12-21T20:41:48 IST" finished-at="2021-12-21T20:41:48 IST">
    <groups>
    </groups>
  </suite> <!-- Suite -->
  <suite name="Suite (1)" duration-ms="18915" started-at="2021-12-21T20:41:29 IST" finished-at="2021-12-21T20:41:48 IST">
    <groups>
    </groups>
    <test name="Test" duration-ms="18915" started-at="2021-12-21T20:41:29 IST" finished-at="2021-12-21T20:41:48 IST">
      <class name="com.ig.scripts.TC_002_CheckValidationOnCreateAccount">
        <test-method status="PASS" signature="setUp()[pri:0, instance:com.ig.scripts.TC_002_CheckValidationOnCreateAccount@7a765367]" name="setUp" is-config="true" duration-ms="10617" started-at="2021-12-21T20:41:29 IST" finished-at="2021-12-21T20:41:40 IST">
          <reporter-output>
          </reporter-output>
        </test-method> <!-- setUp -->
        <test-method status="FAIL" signature="createAccountValidation(java.lang.reflect.Method)[pri:0, instance:com.ig.scripts.TC_002_CheckValidationOnCreateAccount@7a765367]" name="createAccountValidation" duration-ms="7168" started-at="2021-12-21T20:41:40 IST" finished-at="2021-12-21T20:41:47 IST">
          <params>
            <param index="0">
              <value>
                <![CDATA[public void com.ig.scripts.TC_002_CheckValidationOnCreateAccount.createAccountValidation(java.lang.reflect.Method) throws java.lang.InterruptedException]]>
              </value>
            </param>
          </params>
          <exception class="java.lang.AssertionError">
            <message>
              <![CDATA[expected [true] but found [false]]]>
            </message>
            <full-stacktrace>
              <![CDATA[java.lang.AssertionError: expected [true] but found [false]
at org.testng.Assert.fail(Assert.java:97)
at org.testng.Assert.failNotEquals(Assert.java:969)
at org.testng.Assert.assertTrue(Assert.java:43)
at org.testng.Assert.assertTrue(Assert.java:53)
at com.ig.scripts.TC_002_CheckValidationOnCreateAccount.createAccountValidation(TC_002_CheckValidationOnCreateAccount.java:31)
at sun.reflect.NativeMethodAccessorImpl.invoke0(Native Method)
at sun.reflect.NativeMethodAccessorImpl.invoke(NativeMethodAccessorImpl.java:62)
at sun.reflect.DelegatingMethodAccessorImpl.invoke(DelegatingMethodAccessorImpl.java:43)
at java.lang.reflect.Method.invoke(Method.java:498)
at org.testng.internal.MethodInvocationHelper.invokeMethod(MethodInvocationHelper.java:134)
at org.testng.internal.TestInvoker.invokeMethod(TestInvoker.java:597)
at org.testng.internal.TestInvoker.invokeTestMethod(TestInvoker.java:173)
at org.testng.internal.MethodRunner.runInSequence(MethodRunner.java:46)
at org.testng.internal.TestInvoker$MethodInvocationAgent.invoke(TestInvoker.java:816)
at org.testng.internal.TestInvoker.invokeTestMethods(TestInvoker.java:146)
at org.testng.internal.TestMethodWorker.invokeTestMethods(TestMethodWorker.java:146)
at org.testng.internal.TestMethodWorker.run(TestMethodWorker.java:128)
at java.util.ArrayList.forEach(ArrayList.java:1257)
at org.testng.TestRunner.privateRun(TestRunner.java:766)
at org.testng.TestRunner.run(TestRunner.java:587)
at org.testng.SuiteRunner.runTest(SuiteRunner.java:384)
at org.testng.SuiteRunner.runSequentially(SuiteRunner.java:378)
at org.testng.SuiteRunner.privateRun(SuiteRunner.java:337)
at org.testng.SuiteRunner.run(SuiteRunner.java:286)
at org.testng.SuiteRunnerWorker.runSuite(SuiteRunnerWorker.java:53)
at org.testng.SuiteRunnerWorker.run(SuiteRunnerWorker.java:96)
at org.testng.TestNG.runSuitesSequentially(TestNG.java:1187)
at org.testng.TestNG.runSuitesSequentially(TestNG.java:1182)
at org.testng.TestNG.runSuitesLocally(TestNG.java:1109)
at org.testng.TestNG.runSuites(TestNG.java:1039)
at org.testng.TestNG.run(TestNG.java:1007)
at org.testng.remote.AbstractRemoteTestNG.run(AbstractRemoteTestNG.java:115)
at org.testng.remote.RemoteTestNG.initAndRun(RemoteTestNG.java:251)
at org.testng.remote.RemoteTestNG.main(RemoteTestNG.java:77)
]]>
            </full-stacktrace>
          </exception> <!-- java.lang.AssertionError -->
          <reporter-output>
          </reporter-output>
        </test-method> <!-- createAccountValidation -->
        <test-method status="PASS" signature="tearDowm()[pri:0, instance:com.ig.scripts.TC_002_CheckValidationOnCreateAccount@7a765367]" name="tearDowm" is-config="true" duration-ms="854" started-at="2021-12-21T20:41:47 IST" finished-at="2021-12-21T20:41:48 IST">
          <reporter-output>
          </reporter-output>
        </test-method> <!-- tearDowm -->
      </class> <!-- com.ig.scripts.TC_002_CheckValidationOnCreateAccount -->
    </test> <!-- Test -->
  </suite> <!-- Suite (1) -->
  <suite name="Suite (0)" duration-ms="20290" started-at="2021-12-21T20:41:08 IST" finished-at="2021-12-21T20:41:29 IST">
    <groups>
    </groups>
    <test name="Test" duration-ms="20290" started-at="2021-12-21T20:41:08 IST" finished-at="2021-12-21T20:41:29 IST">
      <class name="com.ig.scripts.TC_001_LoginTest">
        <test-method status="PASS" signature="setUp()[pri:0, instance:com.ig.scripts.TC_001_LoginTest@4d95d2a2]" name="setUp" is-config="true" duration-ms="12645" started-at="2021-12-21T20:41:09 IST" finished-at="2021-12-21T20:41:22 IST">
          <reporter-output>
          </reporter-output>
        </test-method> <!-- setUp -->
        <test-method status="PASS" signature="loginMethod(java.lang.reflect.Method)[pri:0, instance:com.ig.scripts.TC_001_LoginTest@4d95d2a2]" name="loginMethod" duration-ms="5741" started-at="2021-12-21T20:41:22 IST" finished-at="2021-12-21T20:41:28 IST">
          <params>
            <param index="0">
              <value>
                <![CDATA[public void com.ig.scripts.TC_001_LoginTest.loginMethod(java.lang.reflect.Method)]]>
              </value>
            </param>
          </params>
          <reporter-output>
          </reporter-output>
        </test-method> <!-- loginMethod -->
        <test-method status="PASS" signature="tearDowm()[pri:0, instance:com.ig.scripts.TC_001_LoginTest@4d95d2a2]" name="tearDowm" is-config="true" duration-ms="879" started-at="2021-12-21T20:41:28 IST" finished-at="2021-12-21T20:41:29 IST">
          <reporter-output>
          </reporter-output>
        </test-method> <!-- tearDowm -->
      </class> <!-- com.ig.scripts.TC_001_LoginTest -->
    </test> <!-- Test -->
  </suite> <!-- Suite (0) -->
</testng-results>
