<?xml version="1.0" encoding="UTF-8"?>
<!-- Generated by org.testng.reporters.JUnitXMLReporter -->
<testsuite hostname="DESKTOP-O544DRQ" ignored="0" name="Test" tests="1" failures="1" timestamp="2021-12-21T20:41:48 IST" time="18.915" errors="0">
  <testcase name="createAccountValidation" time="7.168" classname="com.ig.scripts.TC_002_CheckValidationOnCreateAccount">
    <failure type="java.lang.AssertionError" message="expected [true] but found [false]">
      <![CDATA[java.lang.AssertionError: expected [true] but found [false]
at com.ig.scripts.TC_002_CheckValidationOnCreateAccount.createAccountValidation(TC_002_CheckValidationOnCreateAccount.java:31)
at java.util.ArrayList.forEach(ArrayList.java:1257)
... Removed 32 stack frames]]>
    </failure>
  </testcase> <!-- createAccountValidation -->
</testsuite> <!-- Test -->
